<?xml version="1.0" encoding="UTF-8"?>
<!-- Generated by org.testng.reporters.JUnitXMLReporter -->
<testsuite hostname="lgvn14736" ignored="0" name="1st Test" tests="13" failures="4" timestamp="02 Aug 2018 11:41:12 GMT" time="57.276" errors="0">
  <testcase name="precondition" time="51.932" classname="com.logigear.selenium.test.railway.TC03_TestFunctionChangePassword_DataProvider">
    <failure type="java.lang.AssertionError" message="Message is not displayed as expected expected [Thank you for registering your account] but found [Create account]">
      <![CDATA[java.lang.AssertionError: Message is not displayed as expected expected [Thank you for registering your account] but found [Create account]
at com.logigear.selenium.test.railway.Precondition.preconditionCreateAndActiveAccount(Precondition.java:101)
at com.logigear.selenium.test.railway.TC03_TestFunctionChangePassword_DataProvider.precondition(TC03_TestFunctionChangePassword_DataProvider.java:31)
at java.util.concurrent.ThreadPoolExecutor.runWorker(ThreadPoolExecutor.java:1149)
at java.util.concurrent.ThreadPoolExecutor$Worker.run(ThreadPoolExecutor.java:624)
at java.lang.Thread.run(Thread.java:748)
... Removed 15 stack frames]]>
    </failure>
  </testcase> <!-- precondition -->
  <testcase name="TC02" time="50.463" classname="com.logigear.selenium.test.railway.Sample_LoginTest"/>
  <testcase name="TC07_TC08" time="0.0" classname="com.logigear.selenium.test.railway.TC03_TestFunctionChangePassword_DataProvider">
    <skipped/>
  </testcase> <!-- TC07_TC08 -->
  <testcase name="TC01" time="50.464" classname="com.logigear.selenium.test.railway.Sample_LoginTest"/>
  <testcase name="TC09" time="52.431" classname="com.logigear.selenium.test.railway.TC02_TestFunctionCreateAccount"/>
  <testcase name="precondition" time="51.958" classname="com.logigear.selenium.test.railway.TC01_TestFunctionLogin">
    <failure type="java.lang.AssertionError" message="Message is not displayed as expected expected [Thank you for registering your account] but found [Create account]">
      <![CDATA[java.lang.AssertionError: Message is not displayed as expected expected [Thank you for registering your account] but found [Create account]
at com.logigear.selenium.test.railway.Precondition_Invoked.preconditionCreateAndActiveAccount(Precondition_Invoked.java:102)
at com.logigear.selenium.test.railway.TC01_TestFunctionLogin.precondition(TC01_TestFunctionLogin.java:28)
at java.util.concurrent.ThreadPoolExecutor.runWorker(ThreadPoolExecutor.java:1149)
at java.util.concurrent.ThreadPoolExecutor$Worker.run(ThreadPoolExecutor.java:624)
at java.lang.Thread.run(Thread.java:748)
... Removed 15 stack frames]]>
    </failure>
  </testcase> <!-- precondition -->
  <testcase name="precondition" time="51.938" classname="com.logigear.selenium.test.railway.TC03_TestFunctionChangePassword">
    <failure type="java.lang.AssertionError" message="Message is not displayed as expected expected [Thank you for registering your account] but found [Create account]">
      <![CDATA[java.lang.AssertionError: Message is not displayed as expected expected [Thank you for registering your account] but found [Create account]
at com.logigear.selenium.test.railway.Precondition.preconditionCreateAndActiveAccount(Precondition.java:101)
at com.logigear.selenium.test.railway.TC03_TestFunctionChangePassword.precondition(TC03_TestFunctionChangePassword.java:28)
at java.util.concurrent.ThreadPoolExecutor.runWorker(ThreadPoolExecutor.java:1149)
at java.util.concurrent.ThreadPoolExecutor$Worker.run(ThreadPoolExecutor.java:624)
at java.lang.Thread.run(Thread.java:748)
... Removed 15 stack frames]]>
    </failure>
  </testcase> <!-- precondition -->
  <testcase name="TC01_TC02_TC03_TC04_TC06" time="0.0" classname="com.logigear.selenium.test.railway.TC01_TestFunctionLogin">
    <skipped/>
  </testcase> <!-- TC01_TC02_TC03_TC04_TC06 -->
  <testcase name="precondition" time="56.507" classname="com.logigear.selenium.test.railway.TC04_TestNavigationsToBookTicketPage">
    <failure type="java.lang.NullPointerException">
      <![CDATA[java.lang.NullPointerException
at com.logigear.selenium.test.railway.Precondition.preconditionCreateAndActiveAccount(Precondition.java:105)
at com.logigear.selenium.test.railway.TC04_TestNavigationsToBookTicketPage.precondition(TC04_TestNavigationsToBookTicketPage.java:36)
at java.util.concurrent.ThreadPoolExecutor.runWorker(ThreadPoolExecutor.java:1149)
at java.util.concurrent.ThreadPoolExecutor$Worker.run(ThreadPoolExecutor.java:624)
at java.lang.Thread.run(Thread.java:748)
... Removed 10 stack frames]]>
    </failure>
  </testcase> <!-- precondition -->
  <testcase name="TC13" time="0.0" classname="com.logigear.selenium.test.railway.TC04_TestNavigationsToBookTicketPage">
    <skipped/>
  </testcase> <!-- TC13 -->
  <testcase name="TC12" time="0.0" classname="com.logigear.selenium.test.railway.TC04_TestNavigationsToBookTicketPage">
    <skipped/>
  </testcase> <!-- TC12 -->
  <testcase name="TC08" time="0.0" classname="com.logigear.selenium.test.railway.TC03_TestFunctionChangePassword">
    <skipped/>
  </testcase> <!-- TC08 -->
  <testcase name="TC07_TC08" time="0.0" classname="com.logigear.selenium.test.railway.TC03_TestFunctionChangePassword">
    <skipped/>
  </testcase> <!-- TC07_TC08 -->
</testsuite> <!-- 1st Test -->
