<?xml version="1.0" encoding="UTF-8"?>
<!-- Generated by org.testng.reporters.JUnitXMLReporter -->
<testsuite hostname="lgvn14736" ignored="0" name="All tests" tests="3" failures="0" timestamp="31 Jul 2018 04:12:17 GMT" time="39.286" errors="0">
  <testcase name="precondition" time="19.513" classname="Railway.TC03_TestFunctionChangePassword_DataProvider"/>
  <testcase name="TC07_TC08" time="3.151" classname="Railway.TC03_TestFunctionChangePassword_DataProvider"/>
  <testcase name="TC07_TC08" time="2.537" classname="Railway.TC03_TestFunctionChangePassword_DataProvider"/>
</testsuite> <!-- All tests -->
