<?xml version="1.0" encoding="UTF-8"?>
<!-- Generated by org.testng.reporters.JUnitXMLReporter -->
<testsuite hostname="lgvn14736" ignored="0" name="1st Test" tests="5" failures="2" timestamp="09 Aug 2018 06:52:22 GMT" time="55.012" errors="0">
  <testcase name="TC01" time="25.257" classname="com.logigear.selenium.test.railway.Sample_LoginTest">
    <failure type="java.lang.ClassCastException" message="com.logigear.selenium.test.railway.Sample_LoginTest cannot be cast to com.swtestacademy.selenium.driver.TLDriverFactory">
      <![CDATA[java.lang.ClassCastException: com.logigear.selenium.test.railway.Sample_LoginTest cannot be cast to com.swtestacademy.selenium.driver.TLDriverFactory
at com.swtestacademy.selenium.utilities.listeners.Retry.extendReportsFailOperations(Retry.java:39)
at com.swtestacademy.selenium.utilities.listeners.Retry.retry(Retry.java:27)
at java.util.concurrent.ThreadPoolExecutor.runWorker(ThreadPoolExecutor.java:1149)
at java.util.concurrent.ThreadPoolExecutor$Worker.run(ThreadPoolExecutor.java:624)
at java.lang.Thread.run(Thread.java:748)
... Removed 6 stack frames]]>
    </failure>
  </testcase> <!-- TC01 -->
  <testcase name="TC09" time="29.471" classname="com.logigear.selenium.test.railway.TC02_TestFunctionCreateAccount"/>
  <testcase name="TC02" time="30.84" classname="com.logigear.selenium.test.railway.Sample_LoginTest"/>
  <testcase name="precondition" time="47.374" classname="com.logigear.selenium.test.railway.TC01_TestFunctionLogin"/>
  <testcase name="TC01_TC02_TC03_TC04_TC06" time="6.967" classname="com.logigear.selenium.test.railway.TC01_TestFunctionLogin">
    <failure type="java.lang.ClassCastException" message="com.logigear.selenium.test.railway.TC01_TestFunctionLogin cannot be cast to com.swtestacademy.selenium.driver.TLDriverFactory">
      <![CDATA[java.lang.ClassCastException: com.logigear.selenium.test.railway.TC01_TestFunctionLogin cannot be cast to com.swtestacademy.selenium.driver.TLDriverFactory
at com.swtestacademy.selenium.utilities.listeners.Retry.extendReportsFailOperations(Retry.java:39)
at com.swtestacademy.selenium.utilities.listeners.Retry.retry(Retry.java:27)
at java.util.concurrent.ThreadPoolExecutor.runWorker(ThreadPoolExecutor.java:1149)
at java.util.concurrent.ThreadPoolExecutor$Worker.run(ThreadPoolExecutor.java:624)
at java.lang.Thread.run(Thread.java:748)
... Removed 6 stack frames]]>
    </failure>
  </testcase> <!-- TC01_TC02_TC03_TC04_TC06 -->
</testsuite> <!-- 1st Test -->
