<?xml version="1.0" encoding="UTF-8"?>
<!-- Generated by org.testng.reporters.JUnitXMLReporter -->
<testsuite hostname="lgvn14736" ignored="0" name="1st Test" tests="10" failures="4" timestamp="13 Aug 2018 04:23:25 GMT" time="335.948" errors="0">
  <testcase name="TC01" time="162.771" classname="com.logigear.selenium.test.railway.Sample_LoginTest">
    <failure type="java.lang.ClassCastException" message="com.logigear.selenium.test.railway.Sample_LoginTest cannot be cast to com.swtestacademy.selenium.driver.TLDriverFactory">
      <![CDATA[java.lang.ClassCastException: com.logigear.selenium.test.railway.Sample_LoginTest cannot be cast to com.swtestacademy.selenium.driver.TLDriverFactory
at com.swtestacademy.selenium.utilities.listeners.Retry.extendReportsFailOperations(Retry.java:38)
at com.swtestacademy.selenium.utilities.listeners.Retry.retry(Retry.java:26)
at java.util.concurrent.ThreadPoolExecutor.runWorker(ThreadPoolExecutor.java:1149)
at java.util.concurrent.ThreadPoolExecutor$Worker.run(ThreadPoolExecutor.java:624)
at java.lang.Thread.run(Thread.java:748)
... Removed 6 stack frames]]>
    </failure>
  </testcase> <!-- TC01 -->
  <testcase name="TC02" time="253.194" classname="com.logigear.selenium.test.railway.Sample_LoginTest"/>
  <testcase name="TC09" time="257.05" classname="com.logigear.selenium.test.railway.TC02_TestFunctionCreateAccount"/>
  <testcase name="precondition" time="324.852" classname="com.logigear.selenium.test.railway.TC01_TestFunctionLogin">
    <failure type="java.lang.ClassCastException" message="com.logigear.selenium.test.railway.TC01_TestFunctionLogin cannot be cast to com.swtestacademy.selenium.driver.TLDriverFactory">
      <![CDATA[java.lang.ClassCastException: com.logigear.selenium.test.railway.TC01_TestFunctionLogin cannot be cast to com.swtestacademy.selenium.driver.TLDriverFactory
at com.swtestacademy.selenium.utilities.listeners.Retry.extendReportsFailOperations(Retry.java:38)
at com.swtestacademy.selenium.utilities.listeners.Retry.retry(Retry.java:26)
at java.util.concurrent.ThreadPoolExecutor.runWorker(ThreadPoolExecutor.java:1149)
at java.util.concurrent.ThreadPoolExecutor$Worker.run(ThreadPoolExecutor.java:624)
at java.lang.Thread.run(Thread.java:748)
... Removed 6 stack frames]]>
    </failure>
  </testcase> <!-- precondition -->
  <testcase name="TC01_TC02_TC03_TC04_TC06" time="0.0" classname="com.logigear.selenium.test.railway.TC01_TestFunctionLogin">
    <skipped/>
  </testcase> <!-- TC01_TC02_TC03_TC04_TC06 -->
  <testcase name="precondition" time="166.534" classname="com.logigear.selenium.test.railway.TC03_TestFunctionChangePassword_DataProvider">
    <failure type="java.lang.ClassCastException" message="com.logigear.selenium.test.railway.TC03_TestFunctionChangePassword_DataProvider cannot be cast to com.swtestacademy.selenium.driver.TLDriverFactory">
      <![CDATA[java.lang.ClassCastException: com.logigear.selenium.test.railway.TC03_TestFunctionChangePassword_DataProvider cannot be cast to com.swtestacademy.selenium.driver.TLDriverFactory
at com.swtestacademy.selenium.utilities.listeners.Retry.extendReportsFailOperations(Retry.java:38)
at com.swtestacademy.selenium.utilities.listeners.Retry.retry(Retry.java:26)
at java.util.concurrent.ThreadPoolExecutor.runWorker(ThreadPoolExecutor.java:1149)
at java.util.concurrent.ThreadPoolExecutor$Worker.run(ThreadPoolExecutor.java:624)
at java.lang.Thread.run(Thread.java:748)
... Removed 6 stack frames]]>
    </failure>
  </testcase> <!-- precondition -->
  <testcase name="TC07_TC08" time="0.0" classname="com.logigear.selenium.test.railway.TC03_TestFunctionChangePassword_DataProvider">
    <skipped/>
  </testcase> <!-- TC07_TC08 -->
  <testcase name="precondition" time="80.138" classname="com.logigear.selenium.test.railway.TC03_TestFunctionChangePassword">
    <failure type="java.lang.ClassCastException" message="com.logigear.selenium.test.railway.TC03_TestFunctionChangePassword cannot be cast to com.swtestacademy.selenium.driver.TLDriverFactory">
      <![CDATA[java.lang.ClassCastException: com.logigear.selenium.test.railway.TC03_TestFunctionChangePassword cannot be cast to com.swtestacademy.selenium.driver.TLDriverFactory
at com.swtestacademy.selenium.utilities.listeners.Retry.extendReportsFailOperations(Retry.java:38)
at com.swtestacademy.selenium.utilities.listeners.Retry.retry(Retry.java:26)
at java.util.concurrent.ThreadPoolExecutor.runWorker(ThreadPoolExecutor.java:1149)
at java.util.concurrent.ThreadPoolExecutor$Worker.run(ThreadPoolExecutor.java:624)
at java.lang.Thread.run(Thread.java:748)
... Removed 6 stack frames]]>
    </failure>
  </testcase> <!-- precondition -->
  <testcase name="TC08" time="0.0" classname="com.logigear.selenium.test.railway.TC03_TestFunctionChangePassword">
    <skipped/>
  </testcase> <!-- TC08 -->
  <testcase name="TC07_TC08" time="0.001" classname="com.logigear.selenium.test.railway.TC03_TestFunctionChangePassword">
    <skipped/>
  </testcase> <!-- TC07_TC08 -->
</testsuite> <!-- 1st Test -->
